<?xml version="1.0" encoding="UTF-8"?>
<!-- Generated by org.testng.reporters.JUnitReportReporter -->
<testsuite skipped="0" hostname="DESKTOP-ASB5QBL" name="grid.GridEg" tests="2" failures="0" timestamp="30 Jul 2024 03:10:16 GMT" time="95.441" errors="0">
  <testcase name="grid" time="57.791" classname="grid.GridEg"/>
  <testcase name="grid" time="37.650" classname="grid.GridEg"/>
</testsuite> <!-- grid.GridEg -->
