<?xml version="1.0" encoding="UTF-8"?>
<!-- Generated by org.testng.reporters.JUnitReportReporter -->
<testsuite skipped="0" hostname="DESKTOP-ASB5QBL" name="testNG.EmpReg_testNG" tests="4" failures="0" timestamp="24 Jul 2024 03:03:58 GMT" time="23.691" errors="0">
  <testcase name="orgEmpReg" time="5.777" classname="testNG.EmpReg_testNG"/>
  <testcase name="orgEmpReg" time="5.456" classname="testNG.EmpReg_testNG"/>
  <testcase name="orgEmpReg" time="5.425" classname="testNG.EmpReg_testNG"/>
  <testcase name="orgEmpReg" time="7.033" classname="testNG.EmpReg_testNG"/>
</testsuite> <!-- testNG.EmpReg_testNG -->
