<?xml version="1.0" encoding="UTF-8"?>
<!-- Generated by org.testng.reporters.JUnitReportReporter -->
<testsuite skipped="0" hostname="DESKTOP-ASB5QBL" name="testNG.UserReg_testNG" tests="1" failures="0" timestamp="24 Jul 2024 02:51:01 GMT" time="12.568" errors="0">
  <testcase name="orgUserReg" time="12.568" classname="testNG.UserReg_testNG"/>
</testsuite> <!-- testNG.UserReg_testNG -->
